
0.0|8.3
0.0|8.3
0.1|8.3
0.1|8.2
0.0|8.3
0.1|8.2
0.0|8.2
0.0|8.3
0.0|8.3
0.1|8.2
0.0|8.3
0.1|8.3
0.0|8.3
0.1|8.3
0.0|8.3
0.0|8.3
0.0|8.3
0.0|8.3
0.0|8.3
0.0|8.3
0.0|8.3
0.2|8.3
0.0|8.3
0.0|8.3
2025-04-04 08:09:250.0|8.4
2025-04-04 08:09:310.4|8.4
2025-04-04 08:09:370.0|8.4
2025-04-04 08:09:430.1|8.4
2025-04-04 08:09:490.0|8.4
2025-04-04 08:09:550.0|8.4
2025-04-04 08:10:010.4|8.4
2025-04-04 08:10:070.0|8.4
2025-04-04 08:10:130.0|8.4
2025-04-04 08:10:190.1|8.4
2025-04-04 08:10:250.0|8.4
2025-04-04 08:10:310.5|8.4